This is pdfTeX, Version 3.14159265-2.6-1.40.20 (MiKTeX 2.9.7140 64-bit) (preloaded format=pdflatex 2019.11.4)  20 JUL 2020 19:30
entering extended mode
**./InformeLaboratorio03.tex
(InformeLaboratorio03.tex
LaTeX2e <2018-12-01>
("C:\Users\usuario\AppData\Local\Programs\MiKTeX 2.9\tex/latex/base\article.cls
"
Document Class: article 2018/09/03 v1.4i Standard LaTeX document class
("C:\Users\usuario\AppData\Local\Programs\MiKTeX 2.9\tex/latex/base\size12.clo"
File: size12.clo 2018/09/03 v1.4i Standard LaTeX file (size option)
)
\c@part=\count80
\c@section=\count81
\c@subsection=\count82
\c@subsubsection=\count83
\c@paragraph=\count84
\c@subparagraph=\count85
\c@figure=\count86
\c@table=\count87
\abovecaptionskip=\skip41
\belowcaptionskip=\skip42
\bibindent=\dimen102
)
("C:\Users\usuario\AppData\Local\Programs\MiKTeX 2.9\tex/latex/base\inputenc.st
y"
Package: inputenc 2018/08/11 v1.3c Input encoding file
\inpenc@prehook=\toks14
\inpenc@posthook=\toks15
)
("C:\Users\usuario\AppData\Local\Programs\MiKTeX 2.9\tex/generic/babel\babel.st
y"
Package: babel 2019/07/19 3.33 The Babel package

("C:\Users\usuario\AppData\Local\Programs\MiKTeX 2.9\tex/generic/babel\switch.d
ef"
File: switch.def 2019/07/19 3.33 Babel switching mechanism
)
*************************************
* Local config file bblopts.cfg used
*

("C:\Users\usuario\AppData\Local\Programs\MiKTeX 2.9\tex/latex/arabi\bblopts.cf
g"
File: bblopts.cfg 2005/09/08 v0.1 add Arabic and Farsi to "declared" options of
 babel
)
("C:\Users\usuario\AppData\Local\Programs\MiKTeX 2.9\tex/latex/babel-spanish\sp
anish.ldf"
Language: spanish.ldf 2016/03/03 v5.0p Spanish support from the babel system

("C:\Users\usuario\AppData\Local\Programs\MiKTeX 2.9\tex/generic/babel\babel.de
f"
File: babel.def 2019/07/19 3.33 Babel common definitions
\babel@savecnt=\count88
\U@D=\dimen103

("C:\Users\usuario\AppData\Local\Programs\MiKTeX 2.9\tex/generic/babel\txtbabel
.def")
\bbl@dirlevel=\count89
)
\es@quottoks=\toks16
\es@quotdepth=\count90
Package babel Info: Making " an active character on input line 561.
Package babel Info: Making . an active character on input line 662.
Package babel Info: Making < an active character on input line 707.
Package babel Info: Making > an active character on input line 707.
))
("C:\Users\usuario\AppData\Local\Programs\MiKTeX 2.9\tex/latex/graphics\graphic
x.sty"
Package: graphicx 2017/06/01 v1.1a Enhanced LaTeX Graphics (DPC,SPQR)

("C:\Users\usuario\AppData\Local\Programs\MiKTeX 2.9\tex/latex/graphics\keyval.
sty"
Package: keyval 2014/10/28 v1.15 key=value parser (DPC)
\KV@toks@=\toks17
)
("C:\Users\usuario\AppData\Local\Programs\MiKTeX 2.9\tex/latex/graphics\graphic
s.sty"
Package: graphics 2017/06/25 v1.2c Standard LaTeX Graphics (DPC,SPQR)

("C:\Users\usuario\AppData\Local\Programs\MiKTeX 2.9\tex/latex/graphics\trig.st
y"
Package: trig 2016/01/03 v1.10 sin cos tan (DPC)
)
("C:\Users\usuario\AppData\Local\Programs\MiKTeX 2.9\tex/latex/graphics-cfg\gra
phics.cfg"
File: graphics.cfg 2016/06/04 v1.11 sample graphics configuration
)
Package graphics Info: Driver file: pdftex.def on input line 99.

("C:\Users\usuario\AppData\Local\Programs\MiKTeX 2.9\tex/latex/graphics-def\pdf
tex.def"
File: pdftex.def 2018/01/08 v1.0l Graphics/color driver for pdftex
))
\Gin@req@height=\dimen104
\Gin@req@width=\dimen105
)
("C:\Users\usuario\AppData\Local\Programs\MiKTeX 2.9\tex/latex/geometry\geometr
y.sty"
Package: geometry 2018/04/16 v5.8 Page Geometry

("C:\Users\usuario\AppData\Local\Programs\MiKTeX 2.9\tex/generic/oberdiek\ifpdf
.sty"
Package: ifpdf 2018/09/07 v3.3 Provides the ifpdf switch
)
("C:\Users\usuario\AppData\Local\Programs\MiKTeX 2.9\tex/generic/oberdiek\ifvte
x.sty"
Package: ifvtex 2016/05/16 v1.6 Detect VTeX and its facilities (HO)
Package ifvtex Info: VTeX not detected.
)
("C:\Users\usuario\AppData\Local\Programs\MiKTeX 2.9\tex/generic/ifxetex\ifxete
x.sty"
Package: ifxetex 2010/09/12 v0.6 Provides ifxetex conditional
)
\Gm@cnth=\count91
\Gm@cntv=\count92
\c@Gm@tempcnt=\count93
\Gm@bindingoffset=\dimen106
\Gm@wd@mp=\dimen107
\Gm@odd@mp=\dimen108
\Gm@even@mp=\dimen109
\Gm@layoutwidth=\dimen110
\Gm@layoutheight=\dimen111
\Gm@layouthoffset=\dimen112
\Gm@layoutvoffset=\dimen113
\Gm@dimlist=\toks18

("C:\Users\usuario\AppData\Local\Programs\MiKTeX 2.9\tex/latex/geometry\geometr
y.cfg"))
("C:\Users\usuario\AppData\Local\Programs\MiKTeX 2.9\tex/latex/float\float.sty"
Package: float 2001/11/08 v1.3d Float enhancements (AL)
\c@float@type=\count94
\float@exts=\toks19
\float@box=\box27
\@float@everytoks=\toks20
\@floatcapt=\box28
)
("C:\Users\usuario\AppData\Local\Programs\MiKTeX 2.9\tex/latex/amsmath\amsmath.
sty"
Package: amsmath 2018/12/01 v2.17b AMS math features
\@mathmargin=\skip43

For additional information on amsmath, use the `?' option.

("C:\Users\usuario\AppData\Local\Programs\MiKTeX 2.9\tex/latex/amsmath\amstext.
sty"
Package: amstext 2000/06/29 v2.01 AMS text

("C:\Users\usuario\AppData\Local\Programs\MiKTeX 2.9\tex/latex/amsmath\amsgen.s
ty"
File: amsgen.sty 1999/11/30 v2.0 generic functions
\@emptytoks=\toks21
\ex@=\dimen114
))
("C:\Users\usuario\AppData\Local\Programs\MiKTeX 2.9\tex/latex/amsmath\amsbsy.s
ty"
Package: amsbsy 1999/11/29 v1.2d Bold Symbols
\pmbraise@=\dimen115
)
("C:\Users\usuario\AppData\Local\Programs\MiKTeX 2.9\tex/latex/amsmath\amsopn.s
ty"
Package: amsopn 2016/03/08 v2.02 operator names
)
\inf@bad=\count95
LaTeX Info: Redefining \frac on input line 223.
\uproot@=\count96
\leftroot@=\count97
LaTeX Info: Redefining \overline on input line 385.
\classnum@=\count98
\DOTSCASE@=\count99
LaTeX Info: Redefining \ldots on input line 482.
LaTeX Info: Redefining \dots on input line 485.
LaTeX Info: Redefining \cdots on input line 606.
\Mathstrutbox@=\box29
\strutbox@=\box30
\big@size=\dimen116
LaTeX Font Info:    Redeclaring font encoding OML on input line 729.
LaTeX Font Info:    Redeclaring font encoding OMS on input line 730.
\macc@depth=\count100
\c@MaxMatrixCols=\count101
\dotsspace@=\muskip10
\c@parentequation=\count102
\dspbrk@lvl=\count103
\tag@help=\toks22
\row@=\count104
\column@=\count105
\maxfields@=\count106
\andhelp@=\toks23
\eqnshift@=\dimen117
\alignsep@=\dimen118
\tagshift@=\dimen119
\tagwidth@=\dimen120
\totwidth@=\dimen121
\lineht@=\dimen122
\@envbody=\toks24
\multlinegap=\skip44
\multlinetaggap=\skip45
\mathdisplay@stack=\toks25
LaTeX Info: Redefining \[ on input line 2844.
LaTeX Info: Redefining \] on input line 2845.
)
("C:\Users\usuario\AppData\Local\Programs\MiKTeX 2.9\tex/latex/oberdiek\stackre
l.sty"
Package: stackrel 2016/05/16 v1.3 Adding subscript option to stackrel (HO)

("C:\Users\usuario\AppData\Local\Programs\MiKTeX 2.9\tex/generic/oberdiek\etexc
mds.sty"
Package: etexcmds 2016/05/16 v1.6 Avoid name clashes with e-TeX commands (HO)

("C:\Users\usuario\AppData\Local\Programs\MiKTeX 2.9\tex/generic/oberdiek\infwa
rerr.sty"
Package: infwarerr 2016/05/16 v1.4 Providing info/warning/error messages (HO)
)
("C:\Users\usuario\AppData\Local\Programs\MiKTeX 2.9\tex/generic/oberdiek\iflua
tex.sty"
Package: ifluatex 2016/05/16 v1.4 Provides the ifluatex switch (HO)
Package ifluatex Info: LuaTeX not detected.
))
("C:\Users\usuario\AppData\Local\Programs\MiKTeX 2.9\tex/generic/oberdiek\pdfte
xcmds.sty"
Package: pdftexcmds 2019/07/25 v0.30 Utility functions of pdfTeX for LuaTeX (HO
)

("C:\Users\usuario\AppData\Local\Programs\MiKTeX 2.9\tex/generic/oberdiek\ltxcm
ds.sty"
Package: ltxcmds 2016/05/16 v1.23 LaTeX kernel commands for general use (HO)
)
Package pdftexcmds Info: LuaTeX not detected.
Package pdftexcmds Info: \pdf@primitive is available.
Package pdftexcmds Info: \pdf@ifprimitive is available.
Package pdftexcmds Info: \pdfdraftmode found.
))
("C:\Users\usuario\AppData\Local\Programs\MiKTeX 2.9\tex/latex/multirow\multiro
w.sty"
Package: multirow 2019/05/31 v2.5 Span multiple rows of a table
\multirow@colwidth=\skip46
\multirow@cntb=\count107
\multirow@dima=\skip47
\bigstrutjot=\dimen123
)
("C:\Users\usuario\AppData\Local\Programs\MiKTeX 2.9\tex/latex/tools\enumerate.
sty"
Package: enumerate 2015/07/23 v3.00 enumerate extensions (DPC)
\@enLab=\toks26
)
No file InformeLaboratorio03.aux.
\openout1 = `InformeLaboratorio03.aux'.

LaTeX Font Info:    Checking defaults for OML/cmm/m/it on input line 18.
LaTeX Font Info:    ... okay on input line 18.
LaTeX Font Info:    Checking defaults for T1/cmr/m/n on input line 18.
LaTeX Font Info:    ... okay on input line 18.
LaTeX Font Info:    Checking defaults for OT1/cmr/m/n on input line 18.
LaTeX Font Info:    ... okay on input line 18.
LaTeX Font Info:    Checking defaults for OMS/cmsy/m/n on input line 18.
LaTeX Font Info:    ... okay on input line 18.
LaTeX Font Info:    Checking defaults for OMX/cmex/m/n on input line 18.
LaTeX Font Info:    ... okay on input line 18.
LaTeX Font Info:    Checking defaults for U/cmr/m/n on input line 18.
LaTeX Font Info:    ... okay on input line 18.
LaTeX Info: Redefining \. on input line 18.
LaTeX Info: Redefining \% on input line 18.

("C:\Users\usuario\AppData\Local\Programs\MiKTeX 2.9\tex/context/base/mkii\supp
-pdf.mkii"
[Loading MPS to PDF converter (version 2006.09.02).]
\scratchcounter=\count108
\scratchdimen=\dimen124
\scratchbox=\box31
\nofMPsegments=\count109
\nofMParguments=\count110
\everyMPshowfont=\toks27
\MPscratchCnt=\count111
\MPscratchDim=\dimen125
\MPnumerator=\count112
\makeMPintoPDFobject=\count113
\everyMPtoPDFconversion=\toks28
)
("C:\Users\usuario\AppData\Local\Programs\MiKTeX 2.9\tex/latex/oberdiek\epstopd
f-base.sty"
Package: epstopdf-base 2016/05/15 v2.6 Base part for package epstopdf

("C:\Users\usuario\AppData\Local\Programs\MiKTeX 2.9\tex/latex/oberdiek\grfext.
sty"
Package: grfext 2016/05/16 v1.2 Manage graphics extensions (HO)

("C:\Users\usuario\AppData\Local\Programs\MiKTeX 2.9\tex/generic/oberdiek\kvdef
inekeys.sty"
Package: kvdefinekeys 2016/05/16 v1.4 Define keys (HO)
))
("C:\Users\usuario\AppData\Local\Programs\MiKTeX 2.9\tex/latex/oberdiek\kvoptio
ns.sty"
Package: kvoptions 2016/05/16 v3.12 Key value format for package options (HO)

("C:\Users\usuario\AppData\Local\Programs\MiKTeX 2.9\tex/generic/oberdiek\kvset
keys.sty"
Package: kvsetkeys 2016/05/16 v1.17 Key value parser (HO)
))
Package epstopdf-base Info: Redefining graphics rule for `.eps' on input line 4
38.
Package grfext Info: Graphics extension search list:
(grfext)             [.pdf,.png,.jpg,.mps,.jpeg,.jbig2,.jb2,.PDF,.PNG,.JPG,.JPE
G,.JBIG2,.JB2,.eps]
(grfext)             \AppendGraphicsExtensions on input line 456.
)
*geometry* driver: auto-detecting
*geometry* detected driver: pdftex
*geometry* verbose mode - [ preamble ] result:
* driver: pdftex
* paper: letterpaper
* layout: <same size as paper>
* layoutoffset:(h,v)=(0.0pt,0.0pt)
* modes: 
* h-part:(L,W,R)=(56.9055pt, 500.484pt, 56.9055pt)
* v-part:(T,H,B)=(56.9055pt, 681.15898pt, 56.9055pt)
* \paperwidth=614.295pt
* \paperheight=794.96999pt
* \textwidth=500.484pt
* \textheight=681.15898pt
* \oddsidemargin=-15.36449pt
* \evensidemargin=-15.36449pt
* \topmargin=-52.36449pt
* \headheight=12.0pt
* \headsep=25.0pt
* \topskip=12.0pt
* \footskip=30.0pt
* \marginparwidth=44.0pt
* \marginparsep=10.0pt
* \columnsep=10.0pt
* \skip\footins=10.8pt plus 4.0pt minus 2.0pt
* \hoffset=0.0pt
* \voffset=0.0pt
* \mag=1000
* \@twocolumnfalse
* \@twosidefalse
* \@mparswitchfalse
* \@reversemarginfalse
* (1in=72.27pt=25.4mm, 1cm=28.453pt)

<./images/logo.jpg, id=1, 401.5pt x 269.005pt>
File: ./images/logo.jpg Graphic file (type jpg)
<use ./images/logo.jpg>
Package pdftex.def Info: ./images/logo.jpg  used on input line 38.
(pdftex.def)             Requested size: 199.16928pt x 133.44725pt.
[1

{C:/Users/usuario/AppData/Local/MiKTeX/2.9/pdftex/config/pdftex.map} <./images/
logo.jpg>]
No file InformeLaboratorio03.toc.
\tf@toc=\write3
\openout3 = `InformeLaboratorio03.toc'.

[1]
\openout2 = `sections/Task01.aux'.

 (sections/Task01.tex
<images/task1/1.png, id=11, 392.21532pt x 388.45125pt>
File: images/task1/1.png Graphic file (type png)
<use images/task1/1.png>
Package pdftex.def Info: images/task1/1.png  used on input line 5.
(pdftex.def)             Requested size: 500.484pt x 495.71036pt.
<images/task1/2.png, id=12, 751.30687pt x 453.94594pt>
File: images/task1/2.png Graphic file (type png)
<use images/task1/2.png>
Package pdftex.def Info: images/task1/2.png  used on input line 12.
(pdftex.def)             Requested size: 500.484pt x 302.40361pt.
 [1

 <./images/task1/1.png>]
<images/task1/3.png, id=16, 676.02562pt x 408.02437pt>
File: images/task1/3.png Graphic file (type png)
<use images/task1/3.png>
Package pdftex.def Info: images/task1/3.png  used on input line 17.
(pdftex.def)             Requested size: 500.484pt x 302.08273pt.
<images/task1/4.png, id=17, 761.09344pt x 472.76625pt>
File: images/task1/4.png Graphic file (type png)
<use images/task1/4.png>
Package pdftex.def Info: images/task1/4.png  used on input line 22.
(pdftex.def)             Requested size: 500.484pt x 310.89412pt.
 [2 <./images/task1/2.png> <./images/task1/3.png>]
<images/task1/5.png, id=21, 675.27281pt x 399.74344pt>
File: images/task1/5.png Graphic file (type png)
<use images/task1/5.png>
Package pdftex.def Info: images/task1/5.png  used on input line 27.
(pdftex.def)             Requested size: 500.484pt x 296.28127pt.
<images/task1/6.png, id=22, 677.53125pt x 407.27156pt>
File: images/task1/6.png Graphic file (type png)
<use images/task1/6.png>
Package pdftex.def Info: images/task1/6.png  used on input line 32.
(pdftex.def)             Requested size: 500.484pt x 300.85422pt.
 [3 <./images/task1/4.png> <./images/task1/5.png>]
<images/task1/7.png, id=26, 676.77844pt x 398.23781pt>
File: images/task1/7.png Graphic file (type png)
<use images/task1/7.png>
Package pdftex.def Info: images/task1/7.png  used on input line 36.
(pdftex.def)             Requested size: 500.484pt x 294.50906pt.
<images/task1/8.png, id=27, 676.02562pt x 402.75468pt>
File: images/task1/8.png Graphic file (type png)
<use images/task1/8.png>
Package pdftex.def Info: images/task1/8.png  used on input line 40.
(pdftex.def)             Requested size: 500.484pt x 298.18129pt.

[4 <./images/task1/6.png> <./images/task1/7.png>]) [5 <./images/task1/8.png>]
\openout2 = `sections/Task02.aux'.


(sections/Task02.tex
<images/task1/9.png, id=35, 681.29532pt x 404.26031pt>
File: images/task1/9.png Graphic file (type png)
<use images/task1/9.png>
Package pdftex.def Info: images/task1/9.png  used on input line 5.
(pdftex.def)             Requested size: 500.484pt x 296.97662pt.
<images/task1/10.png, id=36, 684.30656pt x 402.00188pt>
File: images/task1/10.png Graphic file (type png)
<use images/task1/10.png>
Package pdftex.def Info: images/task1/10.png  used on input line 10.
(pdftex.def)             Requested size: 500.484pt x 294.02325pt.
<images/task1/11.png, id=37, 678.28406pt x 402.00188pt>
File: images/task1/11.png Graphic file (type png)
<use images/task1/11.png>
Package pdftex.def Info: images/task1/11.png  used on input line 14.
(pdftex.def)             Requested size: 500.484pt x 296.62408pt.
 [6


 <./images/task1/9.png> <./images/task1/10.png>]
<images/task1/12.png, id=41, 830.35219pt x 471.26062pt>
File: images/task1/12.png Graphic file (type png)
<use images/task1/12.png>
Package pdftex.def Info: images/task1/12.png  used on input line 19.
(pdftex.def)             Requested size: 500.484pt x 284.04572pt.

[7 <./images/task1/11.png> <./images/task1/12.png>]
<images/task1/13.png, id=45, 830.35219pt x 403.5075pt>
File: images/task1/13.png Graphic file (type png)
<use images/task1/13.png>
Package pdftex.def Info: images/task1/13.png  used on input line 26.
(pdftex.def)             Requested size: 500.484pt x 243.20847pt.
<images/task1/14.png, id=46, 826.58812pt x 451.6875pt>
File: images/task1/14.png Graphic file (type png)
<use images/task1/14.png>
Package pdftex.def Info: images/task1/14.png  used on input line 31.
(pdftex.def)             Requested size: 500.484pt x 273.49577pt.
<images/task1/15.png, id=47, 829.59938pt x 422.32782pt>
File: images/task1/15.png Graphic file (type png)
<use images/task1/15.png>
Package pdftex.def Info: images/task1/15.png  used on input line 36.
(pdftex.def)             Requested size: 500.484pt x 254.78413pt.
 [8 <./images/task1/13.png> <./images/task1/14.png>]
<images/task1/16.png, id=51, 830.35219pt x 421.575pt>
File: images/task1/16.png Graphic file (type png)
<use images/task1/16.png>
Package pdftex.def Info: images/task1/16.png  used on input line 41.
(pdftex.def)             Requested size: 500.484pt x 254.09839pt.
<images/task1/17.png, id=52, 829.59938pt x 415.5525pt>
File: images/task1/17.png Graphic file (type png)
<use images/task1/17.png>
Package pdftex.def Info: images/task1/17.png  used on input line 46.
(pdftex.def)             Requested size: 500.484pt x 250.69669pt.
 [9 <./images/task1/15.png> <./images/task1/16.png>]
<images/task1/18.png, id=56, 828.09375pt x 452.4403pt>
File: images/task1/18.png Graphic file (type png)
<use images/task1/18.png>
Package pdftex.def Info: images/task1/18.png  used on input line 51.
(pdftex.def)             Requested size: 500.484pt x 273.45454pt.
)
[10 <./images/task1/17.png> <./images/task1/18.png>]
\openout2 = `sections/Task03.aux'.


No file sections/Task03.tex.
(InformeLaboratorio03.aux
LaTeX Info: Redefining \. on input line 6.
LaTeX Info: Redefining \% on input line 6.
 (sections/Task01.aux) (sections/Task02.aux)
(sections/Task03.aux)) ) 
Here is how much of TeX's memory you used:
 3737 strings out of 492895
 54246 string characters out of 3122801
 135353 words of memory out of 3000000
 7570 multiletter control sequences out of 15000+200000
 5149 words of font info for 19 fonts, out of 3000000 for 9000
 1141 hyphenation exceptions out of 8191
 34i,5n,31p,400b,361s stack positions out of 5000i,500n,10000p,200000b,50000s
<C:/Users/usuario/AppData/Local/Programs/MiKTeX 2.9/fon
ts/type1/public/amsfonts/cm/cmbx12.pfb><C:/Users/usuario/AppData/Local/Programs
/MiKTeX 2.9/fonts/type1/public/amsfonts/cm/cmr12.pfb>
Output written on InformeLaboratorio03.pdf (12 pages, 654129 bytes).
PDF statistics:
 68 PDF objects out of 1000 (max. 8388607)
 0 named destinations out of 1000 (max. 500000)
 96 words of extra memory for PDF output out of 10000 (max. 10000000)

